# JRE version: OpenJDK Runtime Environment (8.0_112-b06) (build 1.8.0_112-release-b06)
# Java VM: OpenJDK 64-Bit Server VM (25.112-b06 mixed mode bsd-amd64 compressed oops)
Heap:
 PSYoungGen      total 368640K, used 7664K [0x00000007a0000000, 0x00000007bad80000, 0x00000007c0000000)
  eden space 360960K, 0% used [0x00000007a0000000,0x00000007a0000000,0x00000007b6080000)
  from space 7680K, 99% used [0x00000007b9880000,0x00000007b9ffc030,0x00000007ba000000)
  to   space 39424K, 0% used [0x00000007b6080000,0x00000007b6080000,0x00000007b8700000)
 ParOldGen       total 108544K, used 108342K [0x0000000760000000, 0x0000000766a00000, 0x00000007a0000000)
  object space 108544K, 99% used [0x0000000760000000,0x00000007669cd838,0x0000000766a00000)
 Metaspace       used 74390K, capacity 80886K, committed 81152K, reserved 1120256K
  class space    used 9229K, capacity 9940K, committed 9984K, reserved 1048576K
GC Heap History (10 events):
Event: 13504.704 GC heap after
Heap after GC invocations=35 (full 3):
 PSYoungGen      total 347136K, used 5013K [0x00000007a0000000, 0x00000007bb500000, 0x00000007c0000000)
  eden space 342016K, 0% used [0x00000007a0000000,0x00000007a0000000,0x00000007b4e00000)
  from space 5120K, 97% used [0x00000007bb000000,0x00000007bb4e5658,0x00000007bb500000)
  to   space 17920K, 0% used [0x00000007b9200000,0x00000007b9200000,0x00000007ba380000)
 ParOldGen       total 80896K, used 50039K [0x0000000760000000, 0x0000000764f00000, 0x00000007a0000000)
  object space 80896K, 61% used [0x0000000760000000,0x00000007630ddf00,0x0000000764f00000)
 Metaspace       used 73747K, capacity 79966K, committed 80128K, reserved 1120256K
  class space    used 9178K, capacity 9906K, committed 9984K, reserved 1048576K
}
Event: 13842.062 GC heap before
{Heap before GC invocations=36 (full 3):
 PSYoungGen      total 347136K, used 347029K [0x00000007a0000000, 0x00000007bb500000, 0x00000007c0000000)
  eden space 342016K, 100% used [0x00000007a0000000,0x00000007b4e00000,0x00000007b4e00000)
  from space 5120K, 97% used [0x00000007bb000000,0x00000007bb4e5658,0x00000007bb500000)
  to   space 17920K, 0% used [0x00000007b9200000,0x00000007b9200000,0x00000007ba380000)
 ParOldGen       total 80896K, used 50039K [0x0000000760000000, 0x0000000764f00000, 0x00000007a0000000)
  object space 80896K, 61% used [0x0000000760000000,0x00000007630ddf00,0x0000000764f00000)
 Metaspace       used 73894K, capacity 80172K, committed 80384K, reserved 1120256K
  class space    used 9197K, capacity 9927K, committed 9984K, reserved 1048576K
Event: 13842.126 GC heap after
Heap after GC invocations=36 (full 3):
 PSYoungGen      total 332288K, used 5396K [0x00000007a0000000, 0x00000007bb080000, 0x00000007c0000000)
  eden space 326656K, 0% used [0x00000007a0000000,0x00000007a0000000,0x00000007b3f00000)
  from space 5632K, 95% used [0x00000007b9200000,0x00000007b97452c0,0x00000007b9780000)
  to   space 17408K, 0% used [0x00000007b9f80000,0x00000007b9f80000,0x00000007bb080000)
 ParOldGen       total 80896K, used 50039K [0x0000000760000000, 0x0000000764f00000, 0x00000007a0000000)
  object space 80896K, 61% used [0x0000000760000000,0x00000007630ddf00,0x0000000764f00000)
 Metaspace       used 73894K, capacity 80172K, committed 80384K, reserved 1120256K
  class space    used 9197K, capacity 9927K, committed 9984K, reserved 1048576K
}
Event: 13851.777 GC heap before
{Heap before GC invocations=37 (full 3):
 PSYoungGen      total 332288K, used 332052K [0x00000007a0000000, 0x00000007bb080000, 0x00000007c0000000)
  eden space 326656K, 100% used [0x00000007a0000000,0x00000007b3f00000,0x00000007b3f00000)
  from space 5632K, 95% used [0x00000007b9200000,0x00000007b97452c0,0x00000007b9780000)
  to   space 17408K, 0% used [0x00000007b9f80000,0x00000007b9f80000,0x00000007bb080000)
 ParOldGen       total 80896K, used 50039K [0x0000000760000000, 0x0000000764f00000, 0x00000007a0000000)
  object space 80896K, 61% used [0x0000000760000000,0x00000007630ddf00,0x0000000764f00000)
 Metaspace       used 73982K, capacity 80380K, committed 80640K, reserved 1120256K
  class space    used 9197K, capacity 9927K, committed 9984K, reserved 1048576K
Event: 13851.836 GC heap after
Heap after GC invocations=37 (full 3):
 PSYoungGen      total 322560K, used 9903K [0x00000007a0000000, 0x00000007ba980000, 0x00000007c0000000)
  eden space 312320K, 0% used [0x00000007a0000000,0x00000007a0000000,0x00000007b3100000)
  from space 10240K, 96% used [0x00000007b9f80000,0x00000007ba92bd80,0x00000007ba980000)
  to   space 17408K, 0% used [0x00000007b8780000,0x00000007b8780000,0x00000007b9880000)
 ParOldGen       total 80896K, used 50039K [0x0000000760000000, 0x0000000764f00000, 0x00000007a0000000)
  object space 80896K, 61% used [0x0000000760000000,0x00000007630ddf00,0x0000000764f00000)
 Metaspace       used 73982K, capacity 80380K, committed 80640K, reserved 1120256K
  class space    used 9197K, capacity 9927K, committed 9984K, reserved 1048576K
}
Event: 15467.298 GC heap before
{Heap before GC invocations=38 (full 3):
 PSYoungGen      total 322560K, used 322223K [0x00000007a0000000, 0x00000007ba980000, 0x00000007c0000000)
  eden space 312320K, 100% used [0x00000007a0000000,0x00000007b3100000,0x00000007b3100000)
  from space 10240K, 96% used [0x00000007b9f80000,0x00000007ba92bd80,0x00000007ba980000)
  to   space 17408K, 0% used [0x00000007b8780000,0x00000007b8780000,0x00000007b9880000)
 ParOldGen       total 80896K, used 50039K [0x0000000760000000, 0x0000000764f00000, 0x00000007a0000000)
  object space 80896K, 61% used [0x0000000760000000,0x00000007630ddf00,0x0000000764f00000)
 Metaspace       used 74356K, capacity 80822K, committed 80896K, reserved 1120256K
  class space    used 9228K, capacity 9940K, committed 9984K, reserved 1048576K
Event: 15467.517 GC heap after
Heap after GC invocations=38 (full 3):
 PSYoungGen      total 315904K, used 17402K [0x00000007a0000000, 0x00000007ba000000, 0x00000007c0000000)
  eden space 298496K, 0% used [0x00000007a0000000,0x00000007a0000000,0x00000007b2380000)
  from space 17408K, 99% used [0x00000007b8780000,0x00000007b987ebb8,0x00000007b9880000)
  to   space 7680K, 0% used [0x00000007b9880000,0x00000007b9880000,0x00000007ba000000)
 ParOldGen       total 80896K, used 56849K [0x0000000760000000, 0x0000000764f00000, 0x00000007a0000000)
  object space 80896K, 70% used [0x0000000760000000,0x00000007637847a8,0x0000000764f00000)
 Metaspace       used 74356K, capacity 80822K, committed 80896K, reserved 1120256K
  class space    used 9228K, capacity 9940K, committed 9984K, reserved 1048576K
}
Event: 15470.044 GC heap before
{Heap before GC invocations=39 (full 3):
 PSYoungGen      total 315904K, used 315898K [0x00000007a0000000, 0x00000007ba000000, 0x00000007c0000000)
  eden space 298496K, 100% used [0x00000007a0000000,0x00000007b2380000,0x00000007b2380000)
  from space 17408K, 99% used [0x00000007b8780000,0x00000007b987ebb8,0x00000007b9880000)
  to   space 7680K, 0% used [0x00000007b9880000,0x00000007b9880000,0x00000007ba000000)
 ParOldGen       total 80896K, used 56849K [0x0000000760000000, 0x0000000764f00000, 0x00000007a0000000)
  object space 80896K, 70% used [0x0000000760000000,0x00000007637847a8,0x0000000764f00000)
 Metaspace       used 74390K, capacity 80886K, committed 81152K, reserved 1120256K
  class space    used 9229K, capacity 9940K, committed 9984K, reserved 1048576K
Event: 15471.930 GC heap after
Heap after GC invocations=39 (full 3):
 PSYoungGen      total 368640K, used 7664K [0x00000007a0000000, 0x00000007bad80000, 0x00000007c0000000)
  eden space 360960K, 0% used [0x00000007a0000000,0x00000007a0000000,0x00000007b6080000)
  from space 7680K, 99% used [0x00000007b9880000,0x00000007b9ffc030,0x00000007ba000000)
  to   space 39424K, 0% used [0x00000007b6080000,0x00000007b6080000,0x00000007b8700000)
 ParOldGen       total 108544K, used 108342K [0x0000000760000000, 0x0000000766a00000, 0x00000007a0000000)
  object space 108544K, 99% used [0x0000000760000000,0x00000007669cd838,0x0000000766a00000)
 Metaspace       used 74390K, capacity 80886K, committed 81152K, reserved 1120256K
  class space    used 9229K, capacity 9940K, committed 9984K, reserved 1048576K
}
Event: 15471.941 GC heap before
{Heap before GC invocations=40 (full 4):
 PSYoungGen      total 368640K, used 7664K [0x00000007a0000000, 0x00000007bad80000, 0x00000007c0000000)
  eden space 360960K, 0% used [0x00000007a0000000,0x00000007a0000000,0x00000007b6080000)
  from space 7680K, 99% used [0x00000007b9880000,0x00000007b9ffc030,0x00000007ba000000)
  to   space 39424K, 0% used [0x00000007b6080000,0x00000007b6080000,0x00000007b8700000)
 ParOldGen       total 108544K, used 108342K [0x0000000760000000, 0x0000000766a00000, 0x00000007a0000000)
  object space 108544K, 99% used [0x0000000760000000,0x00000007669cd838,0x0000000766a00000)
 Metaspace       used 74390K, capacity 80886K, committed 81152K, reserved 1120256K
  class space    used 9229K, capacity 9940K, committed 9984K, reserved 1048576K

